
Mon Oct 14 2024 11:21:41:550 GMT+0530 (India Standard Time) -- [WARNING] Skipping initialisation of configuration console because: port already in use by another Binary
Mon Oct 14 2024 11:21:43:366 GMT+0530 (India Standard Time) -- [SUCCESS] You can now access your local server(s) in our remote browser

Mon Oct 14 2024 11:21:43:477 GMT+0530 (India Standard Time) -- Press Ctrl-C to exit



Mon Oct 14 2024 11:24:58:444 GMT+0530 (India Standard Time) -- [WARNING] Skipping initialisation of configuration console because: port already in use by another Binary
Mon Oct 14 2024 11:24:59:579 GMT+0530 (India Standard Time) -- [SUCCESS] You can now access your local server(s) in our remote browser

Mon Oct 14 2024 11:24:59:720 GMT+0530 (India Standard Time) -- Press Ctrl-C to exit



Mon Oct 14 2024 11:37:48:234 GMT+0530 (India Standard Time) -- [WARNING] Skipping initialisation of configuration console because: port already in use by another Binary
Mon Oct 14 2024 11:37:49:294 GMT+0530 (India Standard Time) -- [SUCCESS] You can now access your local server(s) in our remote browser

Mon Oct 14 2024 11:37:49:481 GMT+0530 (India Standard Time) -- Press Ctrl-C to exit



Mon Oct 14 2024 13:03:26:611 GMT+0530 (India Standard Time) -- [WARNING] Skipping initialisation of configuration console because: port already in use by another Binary
Mon Oct 14 2024 13:03:27:753 GMT+0530 (India Standard Time) -- [SUCCESS] You can now access your local server(s) in our remote browser

Mon Oct 14 2024 13:03:27:859 GMT+0530 (India Standard Time) -- Press Ctrl-C to exit



Thu Oct 17 2024 10:20:15:695 GMT+0530 (India Standard Time) -- [WARNING] Skipping initialisation of configuration console because: port already in use by another Binary
Thu Oct 17 2024 10:20:16:872 GMT+0530 (India Standard Time) -- [SUCCESS] You can now access your local server(s) in our remote browser

Thu Oct 17 2024 10:20:17:857 GMT+0530 (India Standard Time) -- Press Ctrl-C to exit



Thu Oct 17 2024 15:06:17:375 GMT+0530 (India Standard Time) -- [WARNING] Skipping initialisation of configuration console because: port already in use by another Binary
Thu Oct 17 2024 15:06:18:678 GMT+0530 (India Standard Time) -- [SUCCESS] You can now access your local server(s) in our remote browser

Thu Oct 17 2024 15:07:20:951 GMT+0530 (India Standard Time) -- Press Ctrl-C to exit



Thu Oct 17 2024 15:35:54:539 GMT+0530 (India Standard Time) -- [WARNING] Skipping initialisation of configuration console because: port already in use by another Binary
Thu Oct 17 2024 15:35:56:777 GMT+0530 (India Standard Time) -- [SUCCESS] You can now access your local server(s) in our remote browser

Thu Oct 17 2024 15:35:57:19 GMT+0530 (India Standard Time) -- Press Ctrl-C to exit



Mon Oct 21 2024 11:30:43:148 GMT+0530 (India Standard Time) -- [WARNING] Skipping initialisation of configuration console because: port already in use by another Binary
Mon Oct 21 2024 11:30:45:295 GMT+0530 (India Standard Time) -- [SUCCESS] You can now access your local server(s) in our remote browser

Mon Oct 21 2024 11:30:45:489 GMT+0530 (India Standard Time) -- Press Ctrl-C to exit



Mon Oct 21 2024 11:33:38:498 GMT+0530 (India Standard Time) -- [WARNING] Skipping initialisation of configuration console because: port already in use by another Binary
Mon Oct 21 2024 11:33:39:583 GMT+0530 (India Standard Time) -- [SUCCESS] You can now access your local server(s) in our remote browser

Mon Oct 21 2024 11:33:39:629 GMT+0530 (India Standard Time) -- Received runtime exception: Error: write EPIPE
    at afterWriteDispatched (internal/stream_base_commons.js:78:25)
    at writeGeneric (internal/stream_base_commons.js:73:3)
    at Socket._writeGeneric (net.js:714:5)
    at Socket._write (net.js:726:8)
    at doWrite (_stream_writable.js:415:12)
    at writeOrBuffer (_stream_writable.js:399:5)
    at Socket.Writable.write (_stream_writable.js:299:11)
    at bslocal.js:1:12110566
    at Array.forEach (<anonymous>)
    at i (bslocal.js:1:12110532)
Mon Oct 21 2024 11:33:39:629 GMT+0530 (India Standard Time) -- Exiting.
Mon Oct 21 2024 11:33:39:734 GMT+0530 (India Standard Time) -- Press Ctrl-C to exit



Mon Oct 21 2024 11:34:24:221 GMT+0530 (India Standard Time) -- [WARNING] Skipping initialisation of configuration console because: port already in use by another Binary
Mon Oct 21 2024 11:34:25:435 GMT+0530 (India Standard Time) -- [SUCCESS] You can now access your local server(s) in our remote browser

Mon Oct 21 2024 11:34:25:466 GMT+0530 (India Standard Time) -- Press Ctrl-C to exit



Mon Oct 21 2024 11:35:22:969 GMT+0530 (India Standard Time) -- [WARNING] Skipping initialisation of configuration console because: port already in use by another Binary
Mon Oct 21 2024 11:35:24:796 GMT+0530 (India Standard Time) -- [SUCCESS] You can now access your local server(s) in our remote browser

Mon Oct 21 2024 11:35:24:843 GMT+0530 (India Standard Time) -- Press Ctrl-C to exit



Mon Oct 21 2024 11:36:14:343 GMT+0530 (India Standard Time) -- [WARNING] Skipping initialisation of configuration console because: port already in use by another Binary
Mon Oct 21 2024 11:36:15:642 GMT+0530 (India Standard Time) -- [SUCCESS] You can now access your local server(s) in our remote browser

Mon Oct 21 2024 11:36:15:745 GMT+0530 (India Standard Time) -- Press Ctrl-C to exit


