
11:36:19 [browserstack_sdk.__init__][INFO] - Project and debug logs are captured by default. To disable, set disableAutoCaptureLogs: true in config.

11:36:20 [browserstack_sdk.__init__][INFO] - Setting up for Browserstack, using framework: robot
==============================================================================
Suites                                                                        
==============================================================================
Suites.Test-1                                                                 
==============================================================================
BStack Sample Test 1                                                  
11:36:21 [browserstack_sdk.__init__][INFO] - Completed setup!
| PASS |
------------------------------------------------------------------------------
Suites.Test-1                                                         | PASS |
1 test, 1 passed, 0 failed
==============================================================================
Suites                                                                | PASS |
1 test, 1 passed, 0 failed
==============================================================================
Output:  C:\Users\703378934\robot-browserstack\pabot_results\1\output.xml

11:36:44 [browserstack_sdk.__init__][INFO] - Handling session close

11:36:44 [browserstack_sdk.__init__][INFO] - All done!
